xid.majidalfuttaim.com
ablink.carrefour-uzb.majidalfuttaim.com
ablink.lifestyle.majidalfuttaim.com
share-gp.majidalfuttaim.com
ablink.carrefour-ksa.majidalfuttaim.com
o3444.abmail.shoppingmalls.majidalfuttaim.com
o3443.abmail.great-moments.majidalfuttaim.com
dialogue.majidalfuttaim.com
campaigns.majidalfuttaim.com
o3389.abmail.carrefour-pak.majidalfuttaim.com
identity.majidalfuttaim.com
dev-progressive.majidalfuttaim.com
ablink.carrefour-jor.majidalfuttaim.com
o3384.abmail.carrefour-ken.majidalfuttaim.com
tag-staging.majidalfuttaim.com
o3392.abmail.carrefour-uae.majidalfuttaim.com
majidalfuttaim.com
notify.majidalfuttaim.com
o3693.abmail.carrefour-grg.majidalfuttaim.com
ablink.share-rewards.majidalfuttaim.com
ablink.rewards-program.majidalfuttaim.com
sharecmsv1prod.majidalfuttaim.com
ablink.carrefour-pak.majidalfuttaim.com
o3440.abmail.rewards-program.majidalfuttaim.com
wings.majidalfuttaim.com
ablink.carrefour-qtr.majidalfuttaim.com
o3436.abmail.iamai.uae.majidalfuttaim.com
o3381.abmail.carrefour-bhr.majidalfuttaim.com
mallgiftcard.majidalfuttaim.com
sandbox-progressive.majidalfuttaim.com
ablink.carrefour-kwt.majidalfuttaim.com
ablink.carrefour-omn.majidalfuttaim.com
o3387.abmail.carrefour-leb.majidalfuttaim.com
az-staging.majidalfuttaim.com
o3390.abmail.carrefour-qtr.majidalfuttaim.com
o3450.abmail.shoppingmalls.majidalfuttaim.com
linking.mafid-sit.majidalfuttaim.com
linking.identity.majidalfuttaim.com
ablink.mallgiftcard.majidalfuttaim.com
ablink.entertainment.majidalfuttaim.com
communities.majidalfuttaim.com
o3607.abmail.carrefour-uzb.majidalfuttaim.com
careers.majidalfuttaim.com
ablink.carrefour-ug.majidalfuttaim.com
stg-progressive.majidalfuttaim.com
o3382.abmail.carrefour-egy.majidalfuttaim.com
ablink.loyalty-program.majidalfuttaim.com
privacy-center-dev-resources.majidalfuttaim.com
tracking.notify.majidalfuttaim.com
ablink.carrefour-ken.majidalfuttaim.com
o3439.abmail.loyalty-program.majidalfuttaim.com
mafid-sandbox.majidalfuttaim.com
o3442.abmail.vox-cinemas.majidalfuttaim.com
o3683.abmail.carrefour-arm.majidalfuttaim.com
ablink.carrefour-arm.majidalfuttaim.com
tracking.share.majidalfuttaim.com
ablink.carrefour-leb.majidalfuttaim.com
ablink.shoppingmalls.majidalfuttaim.com
mail.majidalfuttaim.com
o3388.abmail.carrefour-omn.majidalfuttaim.com
o3438.abmail.lifestyle.majidalfuttaim.com
o3383.abmail.carrefour-jor.majidalfuttaim.com
o3441.abmail.entertainment.majidalfuttaim.com
tracking.privacy.majidalfuttaim.com
ablink.iamai.uae.majidalfuttaim.com
ablink.carrefour-bhr.majidalfuttaim.com
o3391.abmail.carrefour-uae.majidalfuttaim.com
ablink.that.majidalfuttaim.com
www.super7.majidalfuttaim.com
privacy-center.majidalfuttaim.com
ablink.vox-cinemas.majidalfuttaim.com
api.majidalfuttaim.com
share-etihad.majidalfuttaim.com
mafid-sit.majidalfuttaim.com
o3457.abmail.share-rewards.majidalfuttaim.com
super7.majidalfuttaim.com
ablink.wings.majidalfuttaim.com
api-share-internal-fab-uat.majidalfuttaim.com
privacy-center-dev.majidalfuttaim.com
ablink.carrefour-uae.majidalfuttaim.com
smtp.majidalfuttaim.com
o3386.abmail.carrefour-kwt.majidalfuttaim.com
o3437.abmail.that.majidalfuttaim.com
o3674.abmail.carrefour-ug.majidalfuttaim.com
o3385.abmail.carrefour-ksa.majidalfuttaim.com
ablink.carrefour-grg.majidalfuttaim.com
sandbox.majidalfuttaim.com
privacy-center-resources.majidalfuttaim.com
www.majidalfuttaim.com
ablink.carrefour-egy.majidalfuttaim.com
ablink.great-moments.majidalfuttaim.com
